#
# There is insufficient memory for the Java Runtime Environment to continue.
# Native memory allocation (malloc) failed to allocate 1048576 bytes. Error detail: AllocateHeap
# Possible reasons:
#   The system is out of physical RAM or swap space
#   This process is running with CompressedOops enabled, and the Java Heap may be blocking the growth of the native heap
# Possible solutions:
#   Reduce memory load on the system
#   Increase physical memory or swap space
#   Check if swap backing store is full
#   Decrease Java heap size (-Xmx/-Xms)
#   Decrease number of Java threads
#   Decrease Java thread stack sizes (-Xss)
#   Set larger code cache with -XX:ReservedCodeCacheSize=
#   JVM is running with Zero Based Compressed Oops mode in which the Java heap is
#     placed in the first 32GB address space. The Java Heap base address is the
#     maximum limit for the native heap growth. Please use -XX:HeapBaseMinAddress
#     to set the Java Heap base and to place the Java Heap above 32GB virtual address.
# This output file may be truncated or incomplete.
#
#  Out of Memory Error (allocation.cpp:44), pid=20248, tid=42968
#
# JRE version:  (21.0.6+8) (build )
# Java VM: OpenJDK 64-Bit Server VM (21.0.6+8-b631.39, mixed mode, sharing, tiered, compressed oops, compressed class ptrs, g1 gc, windows-amd64)
# No core dump will be written. Minidumps are not enabled by default on client versions of Windows
#

---------------  S U M M A R Y ------------

Command Line: git4idea.http.GitAskPassApp Username for 'https://github.com': 

Host: 12th Gen Intel(R) Core(TM) i7-12700H, 20 cores, 15G,  Windows 11 , 64 bit Build 26100 (10.0.26100.3912)
Time: Thu Jun 12 17:13:55 2025 ora solare Europa occidentale elapsed time: 0.092212 seconds (0d 0h 0m 0s)

---------------  T H R E A D  ---------------

Current thread (0x000002a50f2095a0):  JavaThread "Unknown thread" [_thread_in_vm, id=42968, stack(0x000000cfec100000,0x000000cfec200000) (1024K)]

Stack: [0x000000cfec100000,0x000000cfec200000]
Native frames: (J=compiled Java code, j=interpreted, Vv=VM code, C=native code)
V  [jvm.dll+0x6e5d39]
V  [jvm.dll+0x8c4133]
V  [jvm.dll+0x8c668e]
V  [jvm.dll+0x8c6d73]
V  [jvm.dll+0x288f76]
V  [jvm.dll+0xc0e57]
V  [jvm.dll+0x33e3e5]
V  [jvm.dll+0x3369f1]
V  [jvm.dll+0x88b589]
V  [jvm.dll+0x3ca688]
V  [jvm.dll+0x874698]
V  [jvm.dll+0x45f04e]
V  [jvm.dll+0x460d31]
C  [jli.dll+0x52ab]
C  [ucrtbase.dll+0x37b0]
C  [KERNEL32.DLL+0x2e8d7]
C  [ntdll.dll+0x9c5dc]


---------------  P R O C E S S  ---------------

Threads class SMR info:
_java_thread_list=0x00007ffaa1caa148, length=0, elements={
}

Java Threads: ( => current thread )
Total: 0

Other Threads:
  0x000002a50f270c30 WorkerThread "GC Thread#0"                     [id=26896, stack(0x000000cfec200000,0x000000cfec300000) (1024K)]

[error occurred during error reporting (printing all threads), id 0xc0000005, EXCEPTION_ACCESS_VIOLATION (0xc0000005) at pc=0x00007ffaa1392fd0]
VM state: not at safepoint (not fully initialized)

VM Mutex/Monitor currently owned by a thread:  ([mutex/lock_event])
[0x00007ffaa1d1eb30] Heap_lock - owner thread: 0x000002a50f2095a0

Heap address: 0x0000000704800000, size: 4024 MB, Compressed Oops mode: Zero based, Oop shift amount: 3

CDS archive(s) mapped at: [0x0000000000000000-0x0000000000000000-0x0000000000000000), size 0, SharedBaseAddress: 0x0000000800000000, ArchiveRelocationMode: 1.
Narrow klass base: 0x0000000000000000, Narrow klass shift: 0, Narrow klass range: 0x0

GC Precious Log:
 CardTable entry size: 512
 Card Set container configuration: InlinePtr #cards 4 size 8 Array Of Cards #cards 16 size 48 Howl #buckets 8 coarsen threshold 3686 Howl Bitmap #cards 512 size 80 coarsen threshold 460 Card regions per heap region 1 cards per card region 4096

Heap:
 garbage-first heap   total 0K, used 0K [0x0000000704800000, 0x0000000800000000)
  region size 2048K, 0 young (0K), 0 survivors (0K)
 Metaspace       used 0K, committed 0K, reserved 0K
  class space    used 0K, committed 0K, reserved 0K

Heap Regions: E=young(eden), S=young(survivor), O=old, HS=humongous(starts), HC=humongous(continues), CS=collection set, F=free, TAMS=top-at-mark-start, PB=parsable bottom

Card table byte_map: [0x000002a5233f0000,0x000002a523bd0000] _byte_map_base: 0x000002a51fbcc000

GC Heap History (0 events):
No events

Dll operation events (1 events):
Event: 0.013 Loaded shared library C:\Dev\Java\Tools\IntelliJ IDEA Community Edition 2024.3.5\jbr\bin\java.dll

Deoptimization events (0 events):
No events

Classes loaded (0 events):
No events

Classes unloaded (0 events):
No events

Classes redefined (0 events):
No events

Internal exceptions (0 events):
No events

ZGC Phase Switch (0 events):
No events

VM Operations (0 events):
No events

Memory protections (0 events):
No events

Nmethod flushes (0 events):
No events

Events (0 events):
No events


Dynamic libraries:
0x00007ff7f8850000 - 0x00007ff7f885a000 	C:\Dev\Java\Tools\IntelliJ IDEA Community Edition 2024.3.5\jbr\bin\java.exe
0x00007ffba72e0000 - 0x00007ffba7546000 	C:\WINDOWS\SYSTEM32\ntdll.dll
0x00007ffba5b20000 - 0x00007ffba5be9000 	C:\WINDOWS\System32\KERNEL32.DLL
0x00007ffba4790000 - 0x00007ffba4b5c000 	C:\WINDOWS\System32\KERNELBASE.dll
0x0000000054180000 - 0x00000000544b2000 	C:\Program Files\Norton Security\NortonData\22.23.5.106\Definitions\IPSDefs\20231124.064\IPSEng64.dll
0x00007ffba6090000 - 0x00007ffba6142000 	C:\WINDOWS\System32\ADVAPI32.dll
0x00007ffba6300000 - 0x00007ffba63a9000 	C:\WINDOWS\System32\msvcrt.dll
0x00007ffba5a60000 - 0x00007ffba5b06000 	C:\WINDOWS\System32\sechost.dll
0x00007ffba5bf0000 - 0x00007ffba5d06000 	C:\WINDOWS\System32\RPCRT4.dll
0x00007ffba5de0000 - 0x00007ffba5de8000 	C:\WINDOWS\System32\PSAPI.DLL
0x00007ffba4f50000 - 0x00007ffba509b000 	C:\WINDOWS\System32\ucrtbase.dll
0x00007ffb7a240000 - 0x00007ffb7a25b000 	C:\Dev\Java\Tools\IntelliJ IDEA Community Edition 2024.3.5\jbr\bin\VCRUNTIME140.dll
0x00007ffb80a90000 - 0x00007ffb80aa8000 	C:\Dev\Java\Tools\IntelliJ IDEA Community Edition 2024.3.5\jbr\bin\jli.dll
0x00007ffba6f50000 - 0x00007ffba711a000 	C:\WINDOWS\System32\USER32.dll
0x00007ffba4b60000 - 0x00007ffba4b87000 	C:\WINDOWS\System32\win32u.dll
0x00007ffba5fe0000 - 0x00007ffba600b000 	C:\WINDOWS\System32\GDI32.dll
0x00007ffb85e10000 - 0x00007ffb860aa000 	C:\WINDOWS\WinSxS\amd64_microsoft.windows.common-controls_6595b64144ccf1df_6.0.26100.3912_none_3e07963ce335137e\COMCTL32.dll
0x00007ffba4520000 - 0x00007ffba4652000 	C:\WINDOWS\System32\gdi32full.dll
0x00007ffba4470000 - 0x00007ffba4513000 	C:\WINDOWS\System32\msvcp_win.dll
0x00007ffba5df0000 - 0x00007ffba5e20000 	C:\WINDOWS\System32\IMM32.DLL
0x00007ffb81b60000 - 0x00007ffb81b6c000 	C:\Dev\Java\Tools\IntelliJ IDEA Community Edition 2024.3.5\jbr\bin\vcruntime140_1.dll
0x00007ffb56f30000 - 0x00007ffb56fbd000 	C:\Dev\Java\Tools\IntelliJ IDEA Community Edition 2024.3.5\jbr\bin\msvcp140.dll
0x00007ffaa1050000 - 0x00007ffaa1e11000 	C:\Dev\Java\Tools\IntelliJ IDEA Community Edition 2024.3.5\jbr\bin\server\jvm.dll
0x00007ffba6010000 - 0x00007ffba6084000 	C:\WINDOWS\System32\WS2_32.dll
0x00007ffba30a0000 - 0x00007ffba30fe000 	C:\WINDOWS\SYSTEM32\POWRPROF.dll
0x00007ffb9a4d0000 - 0x00007ffb9a4db000 	C:\WINDOWS\SYSTEM32\VERSION.dll
0x00007ffb97a40000 - 0x00007ffb97a76000 	C:\WINDOWS\SYSTEM32\WINMM.dll
0x00007ffba3080000 - 0x00007ffba3094000 	C:\WINDOWS\SYSTEM32\UMPDC.dll
0x00007ffba3350000 - 0x00007ffba336a000 	C:\WINDOWS\SYSTEM32\kernel.appcore.dll
0x00007ffb80930000 - 0x00007ffb8093a000 	C:\Dev\Java\Tools\IntelliJ IDEA Community Edition 2024.3.5\jbr\bin\jimage.dll
0x00007ffba1d90000 - 0x00007ffba1fd1000 	C:\WINDOWS\SYSTEM32\DBGHELP.DLL
0x00007ffba6b90000 - 0x00007ffba6f14000 	C:\WINDOWS\System32\combase.dll
0x00007ffba5970000 - 0x00007ffba5a50000 	C:\WINDOWS\System32\OLEAUT32.dll
0x00007ffb868f0000 - 0x00007ffb86929000 	C:\WINDOWS\SYSTEM32\dbgcore.DLL
0x00007ffba4660000 - 0x00007ffba46f9000 	C:\WINDOWS\System32\bcryptPrimitives.dll
0x00007ffb733f0000 - 0x00007ffb73410000 	C:\Dev\Java\Tools\IntelliJ IDEA Community Edition 2024.3.5\jbr\bin\java.dll

dbghelp: loaded successfully - version: 4.0.5 - missing functions: none
symbol engine: initialized successfully - sym options: 0x614 - pdb path: .;C:\Dev\Java\Tools\IntelliJ IDEA Community Edition 2024.3.5\jbr\bin;C:\WINDOWS\SYSTEM32;C:\Program Files\Norton Security\NortonData\22.23.5.106\Definitions\IPSDefs\20231124.064;C:\WINDOWS\WinSxS\amd64_microsoft.windows.common-controls_6595b64144ccf1df_6.0.26100.3912_none_3e07963ce335137e;C:\Dev\Java\Tools\IntelliJ IDEA Community Edition 2024.3.5\jbr\bin\server

VM Arguments:
java_command: git4idea.http.GitAskPassApp Username for 'https://github.com': 
java_class_path (initial): C:/Dev/Java/Tools/IntelliJ IDEA Community Edition 2024.3.5/plugins/vcs-git/lib/git4idea-rt.jar;C:/Dev/Java/Tools/IntelliJ IDEA Community Edition 2024.3.5/lib/externalProcess-rt.jar
Launcher Type: SUN_STANDARD

[Global flags]
     intx CICompilerCount                          = 12                                        {product} {ergonomic}
     uint ConcGCThreads                            = 4                                         {product} {ergonomic}
     uint G1ConcRefinementThreads                  = 15                                        {product} {ergonomic}
   size_t G1HeapRegionSize                         = 2097152                                   {product} {ergonomic}
    uintx GCDrainStackTargetSize                   = 64                                        {product} {ergonomic}
   size_t InitialHeapSize                          = 264241152                                 {product} {ergonomic}
   size_t MarkStackSize                            = 4194304                                   {product} {ergonomic}
   size_t MaxHeapSize                              = 4219469824                                {product} {ergonomic}
   size_t MinHeapDeltaBytes                        = 2097152                                   {product} {ergonomic}
   size_t MinHeapSize                              = 8388608                                   {product} {ergonomic}
    uintx NonNMethodCodeHeapSize                   = 7602480                                {pd product} {ergonomic}
    uintx NonProfiledCodeHeapSize                  = 122027880                              {pd product} {ergonomic}
    uintx ProfiledCodeHeapSize                     = 122027880                              {pd product} {ergonomic}
    uintx ReservedCodeCacheSize                    = 251658240                              {pd product} {ergonomic}
     bool SegmentedCodeCache                       = true                                      {product} {ergonomic}
   size_t SoftMaxHeapSize                          = 4219469824                             {manageable} {ergonomic}
     bool UseCompressedOops                        = true                           {product lp64_product} {ergonomic}
     bool UseG1GC                                  = true                                      {product} {ergonomic}
     bool UseLargePagesIndividualAllocation        = false                                  {pd product} {ergonomic}

Logging:
Log output configuration:
 #0: stdout all=warning uptime,level,tags foldmultilines=false
 #1: stderr all=off uptime,level,tags foldmultilines=false

Environment Variables:
PATH=C:/Program Files/Git/mingw64/libexec/git-core;C:/Program Files/Git/mingw64/libexec/git-core;C:\Program Files\Git\mingw64\bin;C:\Program Files\Git\usr\bin;C:\Users\daddo\bin;C:\Dev\Java\Tools\Jdk-23\bin;C:\Windows\system32;C:\Windows;C:\Windows\System32\Wbem;C:\Windows\System32\WindowsPowerShell\v1.0\;C:\Windows\System32\OpenSSH\;C:\Program Files (x86)\NVIDIA Corporation\PhysX\Common;C:\Program Files\NVIDIA Corporation\NVIDIA NvDLISR;C:\Program Files\Microsoft SQL Server\150\Tools\Binn\;C:\Program Files\Microsoft SQL Server\Client SDK\ODBC\170\Tools\Binn\;C:\Program Files\dotnet\;C:\Program Files (x86)\Windows Kits\10\Windows Performance Toolkit\;C:\Program Files (x86)\Incredibuild;C:\Program Files\GitHub CLI\;C:\Program Files\Git\cmd;C:\Program Files\Docker\Docker\resources\bin;C:\WINDOWS\system32;C:\WINDOWS;C:\WINDOWS\System32\Wbem;C:\WINDOWS\System32\WindowsPowerShell\v1.0\;C:\WINDOWS\System32\OpenSSH\;C:\Users\daddo\AppData\Local\nvm;C:\nvm4w\nodejs;C:\Program Files\MySQL\MySQL Shell 8.0\bin\;C:\Users\daddo\AppData\Local\Programs\Python\Launcher\;C:\Users\daddo\AppData\Local\Microsoft\WindowsApps;C:\Users\daddo\AppData\Local\Programs\Microsoft VS Code\bin;C:\Users\daddo\.dotnet\tools;C:\libraries\SFML-2.5.1\bin;C:\Users\daddo\OneDrive\Desktop\Batfile;C:\Users\daddo\OneDrive\Desktop\code\Python\AmbVirtuale\Scripts\python.exe;C:\Users\daddo\AppData\Local\GitHubDesktop\bin;C:\Users\daddo\ffmpeg-7.0.2-essentials_build\bin;C:\Users\daddo\AppData\Roaming\npm;C:\Dev\Java\Tools\Jdk-23\bin;C:\Users\daddo\AppData\Local\nvm;C:\nvm4w\nodejs
USERNAME=daddo
DISPLAY=:0.0
LC_ALL=en_US.UTF-8
TERM=xterm-256color
TMPDIR=C:\Users\daddo\AppData\Local\Temp
OS=Windows_NT
PROCESSOR_IDENTIFIER=Intel64 Family 6 Model 154 Stepping 3, GenuineIntel
TMP=C:\Users\daddo\AppData\Local\Temp
TEMP=C:\Users\daddo\AppData\Local\Temp




Periodic native trim disabled

JNI global refs:
JNI global refs: 0, weak refs: 0

JNI global refs memory usage: 0, weak refs: 0

Process memory usage:
Resident Set Size: 14040K (0% of 16474892K total physical memory with 748392K free physical memory)

OOME stack traces (most recent first):
Classloader memory used:

---------------  S Y S T E M  ---------------

OS:
 Windows 11 , 64 bit Build 26100 (10.0.26100.3912)
OS uptime: 2 days 8:17 hours
Hyper-V role detected

CPU: total 20 (initial active 20) (10 cores per cpu, 2 threads per core) family 6 model 154 stepping 3 microcode 0x41f, cx8, cmov, fxsr, ht, mmx, 3dnowpref, sse, sse2, sse3, ssse3, sse4.1, sse4.2, popcnt, lzcnt, tsc, tscinvbit, avx, avx2, aes, erms, clmul, bmi1, bmi2, adx, sha, fma, vzeroupper, clflush, clflushopt, clwb, hv, serialize, rdtscp, rdpid, fsrm, f16c, cet_ibt, cet_ss
Processor Information for processor 0
  Max Mhz: 2700, Current Mhz: 2700, Mhz Limit: 2700
Processor Information for processor 1
  Max Mhz: 2700, Current Mhz: 2700, Mhz Limit: 2700
Processor Information for processor 2
  Max Mhz: 2700, Current Mhz: 2700, Mhz Limit: 2700
Processor Information for processor 3
  Max Mhz: 2700, Current Mhz: 2700, Mhz Limit: 2700
Processor Information for processor 4
  Max Mhz: 2700, Current Mhz: 1489, Mhz Limit: 2700
Processor Information for processor 5
  Max Mhz: 2700, Current Mhz: 2700, Mhz Limit: 2700
Processor Information for processor 6
  Max Mhz: 2700, Current Mhz: 2700, Mhz Limit: 2700
Processor Information for processor 7
  Max Mhz: 2700, Current Mhz: 2700, Mhz Limit: 2700
Processor Information for processor 8
  Max Mhz: 2700, Current Mhz: 2700, Mhz Limit: 2700
Processor Information for processor 9
  Max Mhz: 2700, Current Mhz: 2700, Mhz Limit: 2700
Processor Information for processor 10
  Max Mhz: 2700, Current Mhz: 2700, Mhz Limit: 2700
Processor Information for processor 11
  Max Mhz: 2700, Current Mhz: 2700, Mhz Limit: 2700
Processor Information for processor 12
  Max Mhz: 2700, Current Mhz: 1995, Mhz Limit: 1971
Processor Information for processor 13
  Max Mhz: 2700, Current Mhz: 1995, Mhz Limit: 1971
Processor Information for processor 14
  Max Mhz: 2700, Current Mhz: 1995, Mhz Limit: 1971
Processor Information for processor 15
  Max Mhz: 2700, Current Mhz: 1995, Mhz Limit: 1971
Processor Information for processor 16
  Max Mhz: 2700, Current Mhz: 1995, Mhz Limit: 1971
Processor Information for processor 17
  Max Mhz: 2700, Current Mhz: 1995, Mhz Limit: 1971
Processor Information for processor 18
  Max Mhz: 2700, Current Mhz: 1995, Mhz Limit: 1971
Processor Information for processor 19
  Max Mhz: 2700, Current Mhz: 1995, Mhz Limit: 1971

Memory: 4k page, system-wide physical 16088M (730M free)
TotalPageFile size 65240M (AvailPageFile size 8M)
current process WorkingSet (physical memory assigned to process): 13M, peak: 13M
current process commit charge ("private bytes"): 70M, peak: 71M

vm_info: OpenJDK 64-Bit Server VM (21.0.6+8-b631.39) for windows-amd64 JRE (21.0.6+8-b631.39), built on 2025-02-04 by "builduser" with MS VC++ 16.10 / 16.11 (VS2019)

END.
